============================= test session starts =============================
platform win32 -- Python 3.12.10, pytest-9.1.1, pluggy-1.6.0 -- C:\Users\tiwar\Desktop\Projects Github\TrueEyeballproject\venv\Scripts\python.exe
cachedir: .pytest_cache
rootdir: C:\Users\tiwar\Desktop\Projects Github\TrueEyeballproject
plugins: timeout-2.4.0
collecting ... collected 22 items

library_app/test_logic.py::test_models_and_storage FAILED                [  4%]

================================== FAILURES ===================================
___________________________ test_models_and_storage ___________________________
library_app\test_logic.py:10: in test_models_and_storage
    assert len(model.books) == 26
E   assert 8 == 26
E    +  where 8 = len([Book(id=63, book_code='B-1062', title='1984', status='Available', author='George Orwell', category='Literature', isbn=None, publisher='Secker & Warburg', publication_year=1949, description='Dystopian social science fiction', issued_to_user_id=None, issue_timestamp=1788701904.2447605, return_timestamp=1788701905.5653946), Book(id=66, book_code='B-1065', title='A Brief History of Time', status='Available', author='Stephen Hawking', category='Science', isbn=None, publisher='Bantam', publication_year=1988, description='From the Big Bang to Black Holes', issued_to_user_id=None, issue_timestamp=None, return_timestamp=None), Book(id=82, book_code='B-1081', title='AWS Cookbook Vol 16', status='Available', author='Mallory Moore', category='Information Technology', isbn=None, publisher='Manning', publication_year=2013, description='An extensive guide on AWS', issued_to_user_id=None, issue_timestamp=None, return_timestamp=None), Book(id=90, book_code='B-1089', title='AWS Cookbook Vol 24', status='Available', author='Jane Smith', category='Information Technology', isbn=None, publisher='Apress', publication_year=2017, description='An extensive guide on AWS', issued_to_user_id=None, issue_timestamp=None, return_timestamp=None), Book(id=79, book_code='B-1078', title='AWS Definitive Guide Vol 13', status='Available', author='Eve Wilson', category='Information Technology', isbn=None, publisher='Packt', publication_year=2017, description='An extensive guide on AWS', issued_to_user_id=None, issue_timestamp=None, return_timestamp=None), Book(id=93, book_code='B-1092', title='AWS Definitive Guide Vol 27', status='Available', author='Grace Taylor', category='Information Technology', isbn=None, publisher="O'Reilly", publication_year=2010, description='An extensive guide on AWS', issued_to_user_id=None, issue_timestamp=None, return_timestamp=None), ...])
E    +    where [Book(id=63, book_code='B-1062', title='1984', status='Available', author='George Orwell', category='Literature', isbn=None, publisher='Secker & Warburg', publication_year=1949, description='Dystopian social science fiction', issued_to_user_id=None, issue_timestamp=1788701904.2447605, return_timestamp=1788701905.5653946), Book(id=66, book_code='B-1065', title='A Brief History of Time', status='Available', author='Stephen Hawking', category='Science', isbn=None, publisher='Bantam', publication_year=1988, description='From the Big Bang to Black Holes', issued_to_user_id=None, issue_timestamp=None, return_timestamp=None), Book(id=82, book_code='B-1081', title='AWS Cookbook Vol 16', status='Available', author='Mallory Moore', category='Information Technology', isbn=None, publisher='Manning', publication_year=2013, description='An extensive guide on AWS', issued_to_user_id=None, issue_timestamp=None, return_timestamp=None), Book(id=90, book_code='B-1089', title='AWS Cookbook Vol 24', status='Available', author='Jane Smith', category='Information Technology', isbn=None, publisher='Apress', publication_year=2017, description='An extensive guide on AWS', issued_to_user_id=None, issue_timestamp=None, return_timestamp=None), Book(id=79, book_code='B-1078', title='AWS Definitive Guide Vol 13', status='Available', author='Eve Wilson', category='Information Technology', isbn=None, publisher='Packt', publication_year=2017, description='An extensive guide on AWS', issued_to_user_id=None, issue_timestamp=None, return_timestamp=None), Book(id=93, book_code='B-1092', title='AWS Definitive Guide Vol 27', status='Available', author='Grace Taylor', category='Information Technology', isbn=None, publisher="O'Reilly", publication_year=2010, description='An extensive guide on AWS', issued_to_user_id=None, issue_timestamp=None, return_timestamp=None), ...] = <library_app.models.LibraryModel object at 0x0000028167DC8A70>.books
=========================== short test summary info ===========================
FAILED library_app/test_logic.py::test_models_and_storage - assert 8 == 26
!!!!!!!!!!!!!!!!!!!!!!!!!! stopping after 1 failures !!!!!!!!!!!!!!!!!!!!!!!!!!
============================== 1 failed in 0.43s ==============================
